Log ( 2019/06/29 00:34:15 ):
	 File: D:\HTTPServer\PANKI\MVC\app\models\Proyecto.php
	 Line: 116
	 Position: 1
	 Assessment: 0
	 Message: [Microsoft][ODBC Driver 17 for SQL Server][SQL Server]Sintaxis incorrecta cerca de ')'.
	 Exception: 
Log ( 2019/06/29 01:08:44 ):
	 File: D:\HTTPServer\PANKI\MVC\app\models\CentroCosto.php
	 Line: 118
	 Position: 1
	 Assessment: 0
	 Message: [Microsoft][ODBC Driver 17 for SQL Server]COUNT field incorrect or syntax error
	 Exception: 
Log ( 2019/06/29 01:09:31 ):
	 File: D:\HTTPServer\PANKI\MVC\app\models\CentroCosto.php
	 Line: 118
	 Position: 1
	 Assessment: 0
	 Message: [Microsoft][ODBC Driver 17 for SQL Server][SQL Server]El nombre de columna 'codigo' no es válido.
	 Exception: 
Log ( 2019/06/29 01:29:16 ):
	 File: D:\HTTPServer\PANKI\MVC\app\models\Articulo.php
	 Line: 128
	 Position: 1
	 Assessment: 0
	 Message: [Microsoft][ODBC Driver 17 for SQL Server]COUNT field incorrect or syntax error
	 Exception: 
Log ( 2019/06/29 01:36:43 ):
	 File: D:\HTTPServer\PANKI\MVC\app\models\Articulo.php
	 Line: 132
	 Position: 1
	 Assessment: 0
	 Message: [Microsoft][ODBC Driver 17 for SQL Server]COUNT field incorrect or syntax error
	 Exception: 
Log ( 2019/06/29 01:38:05 ):
	 File: D:\HTTPServer\PANKI\MVC\app\models\Articulo.php
	 Line: 175
	 Position: 1
	 Assessment: 0
	 Message: [Microsoft][ODBC Driver 17 for SQL Server]COUNT field incorrect or syntax error
	 Exception: 
Log ( 2019/06/29 01:42:28 ):
	 File: D:\HTTPServer\PANKI\MVC\app\models\Articulo.php
	 Line: 175
	 Position: 1
	 Assessment: 0
	 Message: [Microsoft][ODBC Driver 17 for SQL Server]COUNT field incorrect or syntax error
	 Exception: 
Log ( 2019/06/29 01:44:55 ):
	 File: D:\HTTPServer\PANKI\MVC\app\models\Articulo.php
	 Line: 181
	 Position: 1
	 Assessment: 0
	 Message: [Microsoft][ODBC Driver 17 for SQL Server]COUNT field incorrect or syntax error
	 Exception: 
Log ( 2019/06/29 01:46:59 ):
	 File: D:\HTTPServer\PANKI\MVC\app\models\Articulo.php
	 Line: 181
	 Position: 1
	 Assessment: 0
	 Message: [Microsoft][ODBC Driver 17 for SQL Server]COUNT field incorrect or syntax error
	 Exception: 
Log ( 2019/06/29 01:47:11 ):
	 File: D:\HTTPServer\PANKI\MVC\app\models\Articulo.php
	 Line: 181
	 Position: 1
	 Assessment: 0
	 Message: [Microsoft][ODBC Driver 17 for SQL Server]COUNT field incorrect or syntax error
	 Exception: 
Log ( 2019/06/29 01:47:53 ):
	 File: D:\HTTPServer\PANKI\MVC\app\models\Articulo.php
	 Line: 181
	 Position: 1
	 Assessment: 0
	 Message: [Microsoft][ODBC Driver 17 for SQL Server]COUNT field incorrect or syntax error
	 Exception: 
Log ( 2019/06/29 02:51:38 ):
	 File: D:\HTTPServer\PANKI\MVC\app\modules\DataBase.php
	 Line: 57
	 Position: 1
	 Assessment: 10
	 Message: 
	 Exception: SQLSTATE[08001]: [Microsoft][ODBC Driver 17 for SQL Server]Named Pipes Provider: Could not open a connection to SQL Server [2]. 
Log ( 2019/06/29 04:55:03 ):
	 File: D:\HTTPServer\PANKI\MVC\app\models\Faena.php
	 Line: 96
	 Position: 1
	 Assessment: 0
	 Message: [Microsoft][ODBC Driver 17 for SQL Server]COUNT field incorrect or syntax error
	 Exception: 
Log ( 2019/06/29 06:07:56 ):
	 File: D:\HTTPServer\PANKI\MVC\app\models\DiaSinOperacion.php
	 Line: 90
	 Position: 1
	 Assessment: 0
	 Message: [Microsoft][ODBC Driver 17 for SQL Server][SQL Server]El nombre de columna 'id' no es válido.
	 Exception: 
Log ( 2019/06/29 06:16:54 ):
	 File: D:\HTTPServer\PANKI\MVC\app\models\Proyecto.php
	 Line: 161
	 Position: 2
	 Assessment: 0
	 Message: [Microsoft][ODBC Driver 17 for SQL Server][SQL Server]Sintaxis incorrecta cerca de la palabra clave 'AND'.
	 Exception: 
Log ( 2019/06/29 06:17:37 ):
	 File: D:\HTTPServer\PANKI\MVC\app\models\Proyecto.php
	 Line: 161
	 Position: 2
	 Assessment: 0
	 Message: [Microsoft][ODBC Driver 17 for SQL Server][SQL Server]Sintaxis incorrecta cerca de la palabra clave 'AND'.
	 Exception: 
Log ( 2019/06/29 06:23:03 ):
	 File: D:\HTTPServer\PANKI\MVC\app\models\Proyecto.php
	 Line: 161
	 Position: 2
	 Assessment: 0
	 Message: [Microsoft][ODBC Driver 17 for SQL Server][SQL Server]Sintaxis incorrecta cerca de la palabra clave 'AND'.
	 Exception: 
Log ( 2019/06/29 06:23:16 ):
	 File: D:\HTTPServer\PANKI\MVC\app\models\Proyecto.php
	 Line: 161
	 Position: 2
	 Assessment: 0
	 Message: [Microsoft][ODBC Driver 17 for SQL Server][SQL Server]Sintaxis incorrecta cerca de la palabra clave 'AND'.
	 Exception: 
Log ( 2019/06/29 06:26:42 ):
	 File: D:\HTTPServer\PANKI\MVC\app\models\Proyecto.php
	 Line: 128
	 Position: 1
	 Assessment: 0
	 Message: [Microsoft][ODBC Driver 17 for SQL Server][SQL Server]Sintaxis incorrecta cerca de la palabra clave 'WHERE'.
	 Exception: 
Log ( 2019/06/29 06:27:56 ):
	 File: D:\HTTPServer\PANKI\MVC\app\models\Proyecto.php
	 Line: 166
	 Position: 2
	 Assessment: 0
	 Message: [Microsoft][ODBC Driver 17 for SQL Server]COUNT field incorrect or syntax error
	 Exception: 
Log ( 2019/06/29 06:29:43 ):
	 File: D:\HTTPServer\PANKI\MVC\app\models\CentroCosto.php
	 Line: 151
	 Position: 2
	 Assessment: 0
	 Message: [Microsoft][ODBC Driver 17 for SQL Server][SQL Server]Sintaxis incorrecta cerca de la palabra clave 'AND'.
	 Exception: 
Log ( 2019/06/29 06:33:02 ):
	 File: D:\HTTPServer\PANKI\MVC\app\models\Proyecto.php
	 Line: 166
	 Position: 2
	 Assessment: 0
	 Message: [Microsoft][ODBC Driver 17 for SQL Server]COUNT field incorrect or syntax error
	 Exception: 
Log ( 2019/06/29 07:01:28 ):
	 File: D:\HTTPServer\PANKI\MVC\app\models\Equipo.php
	 Line: 151
	 Position: 1
	 Assessment: 0
	 Message: [Microsoft][ODBC Driver 17 for SQL Server]COUNT field incorrect or syntax error
	 Exception: 
Log ( 2019/06/29 07:02:15 ):
	 File: D:\HTTPServer\PANKI\MVC\app\models\Equipo.php
	 Line: 151
	 Position: 1
	 Assessment: 0
	 Message: [Microsoft][ODBC Driver 17 for SQL Server][SQL Server]El nombre de columna 'id_equipo' no es válido.
	 Exception: 
Log ( 2019/06/29 07:03:26 ):
	 File: D:\HTTPServer\PANKI\MVC\app\models\Equipo.php
	 Line: 191
	 Position: 1
	 Assessment: 0
	 Message: [Microsoft][ODBC Driver 17 for SQL Server]COUNT field incorrect or syntax error
	 Exception: 
Log ( 2019/06/29 07:04:04 ):
	 File: D:\HTTPServer\PANKI\MVC\app\models\Equipo.php
	 Line: 191
	 Position: 1
	 Assessment: 0
	 Message: [Microsoft][ODBC Driver 17 for SQL Server]COUNT field incorrect or syntax error
	 Exception: 
Log ( 2019/06/29 17:57:52 ):
	 File: D:\HTTPServer\PANKI\MVC\app\models\Cliente.php
	 Line: 97
	 Position: 1
	 Assessment: 0
	 Message: [Microsoft][ODBC Driver 17 for SQL Server][SQL Server]El nombre de columna 'cliente' no es válido.
	 Exception: 
Log ( 2019/06/29 18:01:26 ):
	 File: D:\HTTPServer\PANKI\MVC\app\models\Cliente.php
	 Line: 97
	 Position: 1
	 Assessment: 0
	 Message: [Microsoft][ODBC Driver 17 for SQL Server][SQL Server]El nombre de columna 'cliente' no es válido.
	 Exception: 
Log ( 2019/06/29 18:04:11 ):
	 File: D:\HTTPServer\PANKI\MVC\app\models\Proyecto.php
	 Line: 166
	 Position: 2
	 Assessment: 0
	 Message: [Microsoft][ODBC Driver 17 for SQL Server]COUNT field incorrect or syntax error
	 Exception: 
Log ( 2019/07/08 21:10:24 ):
	 File: D:\HTTPServer\PANKI\MVC\app\modules\DataBase.php
	 Line: 57
	 Position: 1
	 Assessment: 10
	 Message: 
	 Exception: SQLSTATE[IMSSP]: This extension requires the Microsoft ODBC Driver for SQL Server to communicate with SQL Server. Access the following URL to download the ODBC Driver for SQL Server for x64: https://go.microsoft.com/fwlink/?LinkId=163712
Log ( 2019/07/08 21:10:26 ):
	 File: D:\HTTPServer\PANKI\MVC\app\modules\DataBase.php
	 Line: 57
	 Position: 1
	 Assessment: 10
	 Message: 
	 Exception: SQLSTATE[IMSSP]: This extension requires the Microsoft ODBC Driver for SQL Server to communicate with SQL Server. Access the following URL to download the ODBC Driver for SQL Server for x64: https://go.microsoft.com/fwlink/?LinkId=163712
Log ( 2019/07/08 21:19:26 ):
	 File: D:\HTTPServer\PANKI\MVC\app\modules\DataBase.php
	 Line: 57
	 Position: 1
	 Assessment: 10
	 Message: 
	 Exception: SQLSTATE[IMSSP]: This extension requires the Microsoft ODBC Driver for SQL Server to communicate with SQL Server. Access the following URL to download the ODBC Driver for SQL Server for x64: https://go.microsoft.com/fwlink/?LinkId=163712
Log ( 2019/07/08 21:19:45 ):
	 File: D:\HTTPServer\PANKI\MVC\app\modules\DataBase.php
	 Line: 57
	 Position: 1
	 Assessment: 10
	 Message: 
	 Exception: SQLSTATE[IMSSP]: This extension requires the Microsoft ODBC Driver for SQL Server to communicate with SQL Server. Access the following URL to download the ODBC Driver for SQL Server for x64: https://go.microsoft.com/fwlink/?LinkId=163712
Log ( 2019/07/08 21:20:35 ):
	 File: D:\HTTPServer\PANKI\MVC\app\modules\DataBase.php
	 Line: 57
	 Position: 1
	 Assessment: 10
	 Message: 
	 Exception: SQLSTATE[IMSSP]: This extension requires the Microsoft ODBC Driver for SQL Server to communicate with SQL Server. Access the following URL to download the ODBC Driver for SQL Server for x64: https://go.microsoft.com/fwlink/?LinkId=163712
Log ( 2019/07/08 21:20:39 ):
	 File: D:\HTTPServer\PANKI\MVC\app\modules\DataBase.php
	 Line: 57
	 Position: 1
	 Assessment: 10
	 Message: 
	 Exception: SQLSTATE[IMSSP]: This extension requires the Microsoft ODBC Driver for SQL Server to communicate with SQL Server. Access the following URL to download the ODBC Driver for SQL Server for x64: https://go.microsoft.com/fwlink/?LinkId=163712
Log ( 2019/07/08 21:22:25 ):
	 File: D:\HTTPServer\PANKI\MVC\app\modules\DataBase.php
	 Line: 57
	 Position: 1
	 Assessment: 10
	 Message: 
	 Exception: SQLSTATE[IMSSP]: This extension requires the Microsoft ODBC Driver for SQL Server to communicate with SQL Server. Access the following URL to download the ODBC Driver for SQL Server for x64: https://go.microsoft.com/fwlink/?LinkId=163712
Log ( 2019/07/08 21:29:23 ):
	 File: D:\HTTPServer\PANKI\MVC\app\modules\DataBase.php
	 Line: 57
	 Position: 1
	 Assessment: 10
	 Message: 
	 Exception: SQLSTATE[08001]: [Microsoft][ODBC Driver 17 for SQL Server]Named Pipes Provider: Could not open a connection to SQL Server [1326]. 
Log ( 2019/07/09 06:45:50 ):
	 File: D:\HTTPServer\PHP\MVC\app\modules\DataBase.php
	 Line: 82
	 Position: 1
	 Assessment: 10
	 Message: 
	 Exception: invalid data source name
Log ( 2019/07/13 03:52:37 ):
	 File: D:\HTTPServer\PHP\MVC\app\modules\DataBase.php
	 Line: 83
	 Position: 1
	 Assessment: 10
	 Message: 
	 Exception: SQLSTATE[28000]: [Microsoft][ODBC Driver 17 for SQL Server][SQL Server]Error de inicio de sesión del usuario 'sa'.
Log ( 2019/07/13 06:08:48 ):
	 File: D:\HTTPServer\PHP\MVC\app\modules\DataBase.php
	 Line: 83
	 Position: 1
	 Assessment: 10
	 Message: 
	 Exception: SQLSTATE[28000]: [Microsoft][ODBC Driver 17 for SQL Server][SQL Server]Error de inicio de sesión del usuario 'sa'.
Log ( 2019/07/13 06:08:58 ):
	 File: D:\HTTPServer\PHP\MVC\app\modules\DataBase.php
	 Line: 83
	 Position: 1
	 Assessment: 10
	 Message: 
	 Exception: SQLSTATE[28000]: [Microsoft][ODBC Driver 17 for SQL Server][SQL Server]Error de inicio de sesión del usuario 'sa'.
